<?xml version="1.0" encoding="UTF-8"?>
<!-- Generated by org.testng.reporters.JUnitReportReporter -->
<testsuite hostname="LAPTOP-L8I8BNQC" name="com.automation.test.ToDoListTest" tests="11" failures="0" timestamp="23 Jul 2022 13:02:32 GMT" time="246.408" errors="0">
  <testcase name="verifyEditFunction" time="27.283" classname="com.automation.test.ToDoListTest"/>
  <testcase name="addingMultiToDoList" time="24.389" classname="com.automation.test.ToDoListTest"/>
  <testcase name="verifyLinks" time="9.905" classname="com.automation.test.ToDoListTest"/>
  <testcase name="addingFirstToDoList" time="60.421" classname="com.automation.test.ToDoListTest"/>
  <testcase name="verifyCompletedToDoList" time="10.475" classname="com.automation.test.ToDoListTest"/>
  <testcase name="verifyClearCrossMarkToDoList" time="19.723" classname="com.automation.test.ToDoListTest"/>
  <testcase name="verifyMultiCompletedToDoList" time="8.264" classname="com.automation.test.ToDoListTest"/>
  <testcase name="verifyClearCompleteToDoList" time="22.542" classname="com.automation.test.ToDoListTest"/>
  <testcase name="verifyCompletionCount" time="14.113" classname="com.automation.test.ToDoListTest"/>
  <testcase name="verifyMultiClearCompleteToDoList" time="20.498" classname="com.automation.test.ToDoListTest"/>
  <testcase name="verifyCompletionChanges" time="28.795" classname="com.automation.test.ToDoListTest"/>
</testsuite> <!-- com.automation.test.ToDoListTest -->
